<?xml version="1.0" encoding="UTF-8"?>
<coverage generated="1742923538501" clover="3.2.0">
  <project timestamp="1742923538501" name="All files">
    <metrics statements="11" coveredstatements="8" conditionals="21" coveredconditionals="15" methods="5" coveredmethods="4" elements="37" coveredelements="27" complexity="0" loc="11" ncloc="11" packages="3" files="3" classes="3"/>
    <package name="Button">
      <metrics statements="8" coveredstatements="5" conditionals="17" coveredconditionals="11" methods="3" coveredmethods="2"/>
      <file name="Button.tsx" path="/workspaces/reactnative/components/elements/Button/Button.tsx">
        <metrics statements="8" coveredstatements="5" conditionals="17" coveredconditionals="11" methods="3" coveredmethods="2"/>
        <line num="17" count="2" type="stmt"/>
        <line num="52" count="2" type="cond" truecount="1" falsecount="1"/>
        <line num="54" count="2" type="stmt"/>
        <line num="55" count="0" type="stmt"/>
        <line num="56" count="0" type="cond" truecount="0" falsecount="2"/>
        <line num="57" count="0" type="stmt"/>
        <line num="61" count="2" type="stmt"/>
        <line num="63" count="2" type="stmt"/>
      </file>
    </package>
    <package name="GradientButton">
      <metrics statements="2" coveredstatements="2" conditionals="0" coveredconditionals="0" methods="1" coveredmethods="1"/>
      <file name="GradientButton.tsx" path="/workspaces/reactnative/components/elements/GradientButton/GradientButton.tsx">
        <metrics statements="2" coveredstatements="2" conditionals="0" coveredconditionals="0" methods="1" coveredmethods="1"/>
        <line num="5" count="1" type="stmt"/>
        <line num="30" count="1" type="stmt"/>
      </file>
    </package>
    <package name="Image">
      <metrics statements="1" coveredstatements="1" conditionals="4" coveredconditionals="4" methods="1" coveredmethods="1"/>
      <file name="Image.tsx" path="/workspaces/reactnative/components/elements/Image/Image.tsx">
        <metrics statements="1" coveredstatements="1" conditionals="4" coveredconditionals="4" methods="1" coveredmethods="1"/>
        <line num="14" count="1" type="stmt"/>
      </file>
    </package>
  </project>
</coverage>
