{"/workspaces/reactnative/components/elements/Button/Button.tsx": {"path":"/workspaces/reactnative/components/elements/Button/Button.tsx","statementMap":{"0":{"start":{"line":17,"column":15},"end":{"line":24,"column":2}},"1":{"start":{"line":52,"column":23},"end":{"line":52,"column":54}},"2":{"start":{"line":54,"column":22},"end":{"line":59,"column":3}},"3":{"start":{"line":55,"column":4},"end":{"line":55,"column":42}},"4":{"start":{"line":56,"column":4},"end":{"line":58,"column":5}},"5":{"start":{"line":57,"column":6},"end":{"line":57,"column":21}},"6":{"start":{"line":61,"column":2},"end":{"line":77,"column":4}},"7":{"start":{"line":63,"column":30},"end":{"line":68,"column":7}}},"fnMap":{"0":{"name":"Button","decl":{"start":{"line":39,"column":9},"end":{"line":39,"column":15}},"loc":{"start":{"line":51,"column":16},"end":{"line":78,"column":1}},"line":51},"1":{"name":"(anonymous_1)","decl":{"start":{"line":54,"column":22},"end":{"line":54,"column":23}},"loc":{"start":{"line":54,"column":56},"end":{"line":59,"column":3}},"line":54},"2":{"name":"(anonymous_2)","decl":{"start":{"line":63,"column":13},"end":{"line":63,"column":14}},"loc":{"start":{"line":63,"column":30},"end":{"line":68,"column":7}},"line":63}},"branchMap":{"0":{"loc":{"start":{"line":46,"column":2},"end":{"line":46,"column":28}},"type":"default-arg","locations":[{"start":{"line":46,"column":16},"end":{"line":46,"column":28}}],"line":46},"1":{"loc":{"start":{"line":52,"column":34},"end":{"line":52,"column":52}},"type":"cond-expr","locations":[{"start":{"line":52,"column":45},"end":{"line":52,"column":48}},{"start":{"line":52,"column":51},"end":{"line":52,"column":52}}],"line":52},"2":{"loc":{"start":{"line":56,"column":4},"end":{"line":58,"column":5}},"type":"if","locations":[{"start":{"line":56,"column":4},"end":{"line":58,"column":5}},{"start":{},"end":{}}],"line":56},"3":{"loc":{"start":{"line":67,"column":8},"end":{"line":67,"column":71}},"type":"binary-expr","locations":[{"start":{"line":67,"column":8},"end":{"line":67,"column":15}},{"start":{"line":67,"column":19},"end":{"line":67,"column":71}}],"line":67},"4":{"loc":{"start":{"line":69,"column":16},"end":{"line":69,"column":37}},"type":"binary-expr","locations":[{"start":{"line":69,"column":16},"end":{"line":69,"column":24}},{"start":{"line":69,"column":28},"end":{"line":69,"column":37}}],"line":69},"5":{"loc":{"start":{"line":73,"column":7},"end":{"line":73,"column":74}},"type":"binary-expr","locations":[{"start":{"line":73,"column":7},"end":{"line":73,"column":16}},{"start":{"line":73,"column":20},"end":{"line":73,"column":74}}],"line":73},"6":{"loc":{"start":{"line":74,"column":7},"end":{"line":74,"column":73}},"type":"binary-expr","locations":[{"start":{"line":74,"column":7},"end":{"line":74,"column":17}},{"start":{"line":74,"column":21},"end":{"line":74,"column":26}},{"start":{"line":74,"column":30},"end":{"line":74,"column":73}}],"line":74},"7":{"loc":{"start":{"line":75,"column":7},"end":{"line":75,"column":87}},"type":"binary-expr","locations":[{"start":{"line":75,"column":7},"end":{"line":75,"column":17}},{"start":{"line":75,"column":21},"end":{"line":75,"column":26}},{"start":{"line":75,"column":30},"end":{"line":75,"column":87}}],"line":75}},"s":{"0":2,"1":2,"2":2,"3":0,"4":0,"5":0,"6":2,"7":2},"f":{"0":2,"1":0,"2":2},"b":{"0":[2],"1":[0,2],"2":[0,0],"3":[2,0],"4":[2,2],"5":[2,0],"6":[2,2,0],"7":[2,2,2]},"_coverageSchema":"1a1c01bbd47fc00a2c39e90264f33305004495a9","hash":"d715518bd1744f262db671fdf5f694bb667d251d"}
,"/workspaces/reactnative/components/elements/GradientButton/GradientButton.tsx": {"path":"/workspaces/reactnative/components/elements/GradientButton/GradientButton.tsx","statementMap":{"0":{"start":{"line":5,"column":15},"end":{"line":17,"column":2}},"1":{"start":{"line":30,"column":2},"end":{"line":37,"column":4}}},"fnMap":{"0":{"name":"GradientButton","decl":{"start":{"line":24,"column":9},"end":{"line":24,"column":23}},"loc":{"start":{"line":29,"column":24},"end":{"line":38,"column":1}},"line":29}},"branchMap":{},"s":{"0":1,"1":1},"f":{"0":1},"b":{},"_coverageSchema":"1a1c01bbd47fc00a2c39e90264f33305004495a9","hash":"11017dbf74f45fc2153c127f0aa75d44042b48c5"}
,"/workspaces/reactnative/components/elements/Image/Image.tsx": {"path":"/workspaces/reactnative/components/elements/Image/Image.tsx","statementMap":{"0":{"start":{"line":14,"column":2},"end":{"line":16,"column":4}}},"fnMap":{"0":{"name":"Image","decl":{"start":{"line":13,"column":9},"end":{"line":13,"column":14}},"loc":{"start":{"line":13,"column":66},"end":{"line":17,"column":1}},"line":13}},"branchMap":{"0":{"loc":{"start":{"line":15,"column":27},"end":{"line":15,"column":42}},"type":"binary-expr","locations":[{"start":{"line":15,"column":27},"end":{"line":15,"column":37}},{"start":{"line":15,"column":41},"end":{"line":15,"column":42}}],"line":15},"1":{"loc":{"start":{"line":15,"column":56},"end":{"line":15,"column":79}},"type":"binary-expr","locations":[{"start":{"line":15,"column":56},"end":{"line":15,"column":66}},{"start":{"line":15,"column":70},"end":{"line":15,"column":79}}],"line":15}},"s":{"0":1},"f":{"0":1},"b":{"0":[1,1],"1":[1,1]},"_coverageSchema":"1a1c01bbd47fc00a2c39e90264f33305004495a9","hash":"07530d8bc454e9b0f29db7cb1611a7307a39fa26"}
}
