TN:
SF:components/elements/Button/Button.tsx
FN:39,Button
FN:54,(anonymous_1)
FN:63,(anonymous_2)
FNF:3
FNH:2
FNDA:2,Button
FNDA:0,(anonymous_1)
FNDA:2,(anonymous_2)
DA:17,2
DA:52,2
DA:54,2
DA:55,0
DA:56,0
DA:57,0
DA:61,2
DA:63,2
LF:8
LH:5
BRDA:46,0,0,2
BRDA:52,1,0,0
BRDA:52,1,1,2
BRDA:56,2,0,0
BRDA:56,2,1,0
BRDA:67,3,0,2
BRDA:67,3,1,0
BRDA:69,4,0,2
BRDA:69,4,1,2
BRDA:73,5,0,2
BRDA:73,5,1,0
BRDA:74,6,0,2
BRDA:74,6,1,2
BRDA:74,6,2,0
BRDA:75,7,0,2
BRDA:75,7,1,2
BRDA:75,7,2,2
BRF:17
BRH:11
end_of_record
TN:
SF:components/elements/GradientButton/GradientButton.tsx
FN:24,GradientButton
FNF:1
FNH:1
FNDA:1,GradientButton
DA:5,1
DA:30,1
LF:2
LH:2
BRF:0
BRH:0
end_of_record
TN:
SF:components/elements/Image/Image.tsx
FN:13,Image
FNF:1
FNH:1
FNDA:1,Image
DA:14,1
LF:1
LH:1
BRDA:15,0,0,1
BRDA:15,0,1,1
BRDA:15,1,0,1
BRDA:15,1,1,1
BRF:4
BRH:4
end_of_record
